# JRE version: Java(TM) SE Runtime Environment (19.0.1+10) (build 19.0.1+10-21)
# Java VM: Java HotSpot(TM) 64-Bit Server VM (19.0.1+10-21, mixed mode, sharing, tiered, compressed oops, compressed class ptrs, g1 gc, windows-amd64)
GC Precious Log:
 CardTable entry size: 512
 Card Set container configuration: InlinePtr #cards 5 size 8 Array Of Cards #cards 12 size 40 Howl #buckets 4 coarsen threshold 1843 Howl Bitmap #cards 512 size 80 coarsen threshold 460 Card regions per heap region 1 cards per card region 2048
 CPUs: 4 total, 4 available
 Memory: 3883M
 Large Page Support: Disabled
 NUMA Support: Disabled
 Compressed Oops: Enabled (32-bit)
 Heap Region Size: 1M
 Heap Min Capacity: 8M
 Heap Initial Capacity: 62M
 Heap Max Capacity: 972M
 Pre-touch: Disabled
 Parallel Workers: 4
 Concurrent Workers: 1
 Concurrent Refinement Workers: 4
 Periodic GC: Disabled
Heap:
 garbage-first heap   total 70656K, used 39559K [0x00000000c3400000, 0x0000000100000000)
  region size 1024K, 17 young (17408K), 2 survivors (2048K)
 Metaspace       used 50774K, committed 51392K, reserved 1114112K
  class space    used 6054K, committed 6336K, reserved 1048576K
GC Heap History (20 events):
Event: 9.892 GC heap before
{Heap before GC invocations=7 (full 0):
 garbage-first heap   total 45056K, used 14781K [0x00000000c3400000, 0x0000000100000000)
  region size 1024K, 5 young (5120K), 4 survivors (4096K)
 Metaspace       used 26688K, committed 27136K, reserved 1114112K
  class space    used 3188K, committed 3392K, reserved 1048576K
}
Event: 9.904 GC heap after
{Heap after GC invocations=8 (full 0):
 garbage-first heap   total 45056K, used 14060K [0x00000000c3400000, 0x0000000100000000)
  region size 1024K, 1 young (1024K), 1 survivors (1024K)
 Metaspace       used 26688K, committed 27136K, reserved 1114112K
  class space    used 3188K, committed 3392K, reserved 1048576K
}
Event: 11.512 GC heap before
{Heap before GC invocations=8 (full 0):
 garbage-first heap   total 45056K, used 31468K [0x00000000c3400000, 0x0000000100000000)
  region size 1024K, 18 young (18432K), 1 survivors (1024K)
 Metaspace       used 31071K, committed 31552K, reserved 1114112K
  class space    used 3822K, committed 4032K, reserved 1048576K
}
Event: 11.518 GC heap after
{Heap after GC invocations=9 (full 0):
 garbage-first heap   total 45056K, used 15304K [0x00000000c3400000, 0x0000000100000000)
  region size 1024K, 2 young (2048K), 2 survivors (2048K)
 Metaspace       used 31071K, committed 31552K, reserved 1114112K
  class space    used 3822K, committed 4032K, reserved 1048576K
}
Event: 12.290 GC heap before
{Heap before GC invocations=9 (full 0):
 garbage-first heap   total 45056K, used 31688K [0x00000000c3400000, 0x0000000100000000)
  region size 1024K, 18 young (18432K), 2 survivors (2048K)
 Metaspace       used 33889K, committed 34432K, reserved 1114112K
  class space    used 4235K, committed 4480K, reserved 1048576K
}
Event: 12.298 GC heap after
{Heap after GC invocations=10 (full 0):
 garbage-first heap   total 45056K, used 17541K [0x00000000c3400000, 0x0000000100000000)
  region size 1024K, 3 young (3072K), 3 survivors (3072K)
 Metaspace       used 33889K, committed 34432K, reserved 1114112K
  class space    used 4235K, committed 4480K, reserved 1048576K
}
Event: 13.047 GC heap before
{Heap before GC invocations=10 (full 0):
 garbage-first heap   total 45056K, used 26757K [0x00000000c3400000, 0x0000000100000000)
  region size 1024K, 13 young (13312K), 3 survivors (3072K)
 Metaspace       used 35512K, committed 35968K, reserved 1114112K
  class space    used 4459K, committed 4672K, reserved 1048576K
}
Event: 13.054 GC heap after
{Heap after GC invocations=11 (full 0):
 garbage-first heap   total 45056K, used 18695K [0x00000000c3400000, 0x0000000100000000)
  region size 1024K, 2 young (2048K), 2 survivors (2048K)
 Metaspace       used 35512K, committed 35968K, reserved 1114112K
  class space    used 4459K, committed 4672K, reserved 1048576K
}
Event: 14.291 GC heap before
{Heap before GC invocations=12 (full 0):
 garbage-first heap   total 45056K, used 33031K [0x00000000c3400000, 0x0000000100000000)
  region size 1024K, 16 young (16384K), 2 survivors (2048K)
 Metaspace       used 38735K, committed 39296K, reserved 1114112K
  class space    used 4892K, committed 5120K, reserved 1048576K
}
Event: 14.296 GC heap after
{Heap after GC invocations=13 (full 0):
 garbage-first heap   total 45056K, used 20207K [0x00000000c3400000, 0x0000000100000000)
  region size 1024K, 2 young (2048K), 2 survivors (2048K)
 Metaspace       used 38735K, committed 39296K, reserved 1114112K
  class space    used 4892K, committed 5120K, reserved 1048576K
}
Event: 15.020 GC heap before
{Heap before GC invocations=13 (full 0):
 garbage-first heap   total 45056K, used 33519K [0x00000000c3400000, 0x0000000100000000)
  region size 1024K, 15 young (15360K), 2 survivors (2048K)
 Metaspace       used 43063K, committed 43648K, reserved 1114112K
  class space    used 5200K, committed 5504K, reserved 1048576K
}
Event: 15.024 GC heap after
{Heap after GC invocations=14 (full 0):
 garbage-first heap   total 45056K, used 21173K [0x00000000c3400000, 0x0000000100000000)
  region size 1024K, 1 young (1024K), 1 survivors (1024K)
 Metaspace       used 43063K, committed 43648K, reserved 1114112K
  class space    used 5200K, committed 5504K, reserved 1048576K
}
Event: 17.269 GC heap before
{Heap before GC invocations=14 (full 0):
 garbage-first heap   total 45056K, used 33461K [0x00000000c3400000, 0x0000000100000000)
  region size 1024K, 14 young (14336K), 1 survivors (1024K)
 Metaspace       used 46244K, committed 46848K, reserved 1114112K
  class space    used 5600K, committed 5888K, reserved 1048576K
}
Event: 17.275 GC heap after
{Heap after GC invocations=15 (full 0):
 garbage-first heap   total 45056K, used 21778K [0x00000000c3400000, 0x0000000100000000)
  region size 1024K, 2 young (2048K), 2 survivors (2048K)
 Metaspace       used 46244K, committed 46848K, reserved 1114112K
  class space    used 5600K, committed 5888K, reserved 1048576K
}
Event: 19.778 GC heap before
{Heap before GC invocations=16 (full 0):
 garbage-first heap   total 45056K, used 36114K [0x00000000c3400000, 0x0000000100000000)
  region size 1024K, 15 young (15360K), 2 survivors (2048K)
 Metaspace       used 48652K, committed 49216K, reserved 1114112K
  class space    used 5866K, committed 6144K, reserved 1048576K
}
Event: 19.786 GC heap after
{Heap after GC invocations=17 (full 0):
 garbage-first heap   total 45056K, used 23821K [0x00000000c3400000, 0x0000000100000000)
  region size 1024K, 2 young (2048K), 2 survivors (2048K)
 Metaspace       used 48652K, committed 49216K, reserved 1114112K
  class space    used 5866K, committed 6144K, reserved 1048576K
}
Event: 19.876 GC heap before
{Heap before GC invocations=17 (full 0):
 garbage-first heap   total 45056K, used 24845K [0x00000000c3400000, 0x0000000100000000)
  region size 1024K, 3 young (3072K), 2 survivors (2048K)
 Metaspace       used 48955K, committed 49536K, reserved 1114112K
  class space    used 5907K, committed 6208K, reserved 1048576K
}
Event: 19.880 GC heap after
{Heap after GC invocations=18 (full 0):
 garbage-first heap   total 45056K, used 23840K [0x00000000c3400000, 0x0000000100000000)
  region size 1024K, 1 young (1024K), 1 survivors (1024K)
 Metaspace       used 48955K, committed 49536K, reserved 1114112K
  class space    used 5907K, committed 6208K, reserved 1048576K
}
Event: 36.174 GC heap before
{Heap before GC invocations=18 (full 0):
 garbage-first heap   total 45056K, used 34080K [0x00000000c3400000, 0x0000000100000000)
  region size 1024K, 12 young (12288K), 1 survivors (1024K)
 Metaspace       used 50300K, committed 50880K, reserved 1114112K
  class space    used 6052K, committed 6336K, reserved 1048576K
}
Event: 36.208 GC heap after
{Heap after GC invocations=19 (full 0):
 garbage-first heap   total 70656K, used 25223K [0x00000000c3400000, 0x0000000100000000)
  region size 1024K, 2 young (2048K), 2 survivors (2048K)
 Metaspace       used 50300K, committed 50880K, reserved 1114112K
  class space    used 6052K, committed 6336K, reserved 1048576K
}

